C51 COMPILER V9.00   MAIN                                                                  07/28/2013 12:04:47 PAGE 1   


C51 COMPILER V9.00, COMPILATION OF MODULE MAIN
OBJECT MODULE PLACED IN main.OBJ
COMPILER INVOKED BY: D:\Keil\C51\BIN\C51.EXE main.c BROWSE DEBUG OBJECTEXTEND

line level    source

   1          #include <reg51.h>
   2          #define uchar unsigned char
   3          #define uint unsigned int
   4          
   5          void DelayMS(uint ms)
   6          {
   7   1              uchar i;
   8   1              while(ms--)
   9   1                      for(i=0;i<120;i++);
  10   1      }
  11            //向串口发送字符
  12          void putc_serial(uchar c)
  13          {
  14   1              SBUF=c;
  15   1              while(TI==0);
  16   1              TI=0;
  17   1      }
  18          
  19           //向串口发送字符串
  20          void puts_serial(char*s)
  21          {
  22   1              while(*s!='\0')
  23   1              {
  24   2                      putc_serial(*s);
  25   2                      s++;
  26   2                      DelayMS(5);
  27   2              }
  28   1      }
  29          
  30          void main()
  31          {
  32   1              uchar c=0;
  33   1              SCON=0X40;         //串口模式1
  34   1              TMOD=0X20;//T1工作模式2
  35   1              TH1=0Xfd;  //波特率9600
  36   1              TL1=0xfd;
  37   1              PCON=0X00; //波特率不倍增
  38   1              TI=0;
  39   1              TR1=1;
  40   1              DelayMS(200);
  41   1      
  42   1              //向主机发送数据
  43   1              puts_serial("receiving form 80c51..\r\n");
  44   1              puts_serial("---------------\r\n");
  45   1              DelayMS(50);
  46   1              while(1)
  47   1              {
  48   2                      putc_serial(c+'A');
  49   2                      DelayMS(100);
  50   2                      putc_serial(' ');
  51   2                      DelayMS(100);
  52   2                      if(c==25)
  53   2                      {
  54   3                              puts_serial("\r\n-----------\r\n");
  55   3                              DelayMS(100);
C51 COMPILER V9.00   MAIN                                                                  07/28/2013 12:04:47 PAGE 2   

  56   3                      }
  57   2                      c=(c+1)%26;
  58   2                      if(c%10==0)
  59   2                      {
  60   3                              puts_serial("\r\n");
  61   3                              DelayMS(100);
  62   3                      }
  63   2              }
  64   1      }
  65          
  66          
  67          
  68          
  69          
  70          /*#include<reg52.h>
  71          
  72          unsigned char flag,a,i;
  73          unsigned char table[]="I get ";
  74          
  75          void inits()
  76          {
  77                  TMOD=0X20;
  78                  TH1=0Xfd;
  79                  TL1=0Xfd;
  80                  TR1=1;
  81                  REN=1;
  82                  SM0=0;
  83                  SM1=1;
  84                  EA=1;
  85                  ES=1;
  86          }                
  87          
  88          void main()
  89          {       
  90                  inits();
  91                  while(1)
  92                  {
  93                          if(flag==1)
  94                          {
  95                                  ES=0;
  96                                  for(i=0;i<6;i++)
  97                                  {
  98                                          SBUF=table[i];
  99                                          while(!TI)
 100                                          TI=0;
 101                                  }
 102                                  SBUF=a;
 103                                  while(!TI);
 104                                  TI=0;
 105                                  ES=1;
 106                                  flag=0;
 107                          }
 108                  }
 109          }
 110          
 111          void ser() interrupt 4
 112          {
 113                  RI=0;
 114                  a=SBUF;
 115                  flag=1;
 116          }
 117                    */
C51 COMPILER V9.00   MAIN                                                                  07/28/2013 12:04:47 PAGE 3   

 118          


MODULE INFORMATION:   STATIC OVERLAYABLE
   CODE SIZE        =    196    ----
   CONSTANT SIZE    =     62    ----
   XDATA SIZE       =   ----    ----
   PDATA SIZE       =   ----    ----
   DATA SIZE        =   ----       3
   IDATA SIZE       =   ----    ----
   BIT SIZE         =   ----    ----
END OF MODULE INFORMATION.


C51 COMPILATION COMPLETE.  0 WARNING(S),  0 ERROR(S)
