C51 COMPILER V9.00   T1                                                                    05/01/2013 23:45:22 PAGE 1   


C51 COMPILER V9.00, COMPILATION OF MODULE T1
OBJECT MODULE PLACED IN t1.OBJ
COMPILER INVOKED BY: D:\Keil\C51\BIN\C51.EXE t1.c OMF2 BROWSE DEBUG

line level    source

   1          #include<reg51.h>
   2          
   3          
   4          sbit LED=P1^5;
   5          sbit KEY=P1;
   6          
   7          void delay(unsigned int i)
   8          {
   9   1              int x;
  10   1              for(x=0;x<=i;x++)  ;
  11   1                      for(x=0;x<=100;x++);
  12   1      }
  13          
  14          void main()
  15          {
  16   1              char led1=0xff;
  17   1              char led2=0x00;
  18   1              while(1)
  19   1              {
  20   2                      LED=led1;
  21   2                      delay(500);
  22   2                      LED=led2;
  23   2                      delay(500);
  24   2              }
  25   1      }


MODULE INFORMATION:   STATIC OVERLAYABLE
   CODE SIZE        =     58    ----
   CONSTANT SIZE    =   ----    ----
   XDATA SIZE       =   ----    ----
   PDATA SIZE       =   ----    ----
   DATA SIZE        =   ----    ----
   IDATA SIZE       =   ----    ----
   BIT SIZE         =   ----    ----
   EDATA SIZE       =   ----    ----
   HDATA SIZE       =   ----    ----
   XDATA CONST SIZE =   ----    ----
   FAR CONST SIZE   =   ----    ----
END OF MODULE INFORMATION.


C51 COMPILATION COMPLETE.  0 WARNING(S),  0 ERROR(S)
