C51 COMPILER V9.00   KEY                                                                   03/22/2013 17:03:18 PAGE 1   


C51 COMPILER V9.00, COMPILATION OF MODULE KEY
OBJECT MODULE PLACED IN .\key.obj
COMPILER INVOKED BY: D:\Keil\C51\BIN\C51.EXE ..\key\key.c BROWSE DEBUG OBJECTEXTEND PRINT(.\key.lst) OBJECT(.\key.obj)

line level    source

*** WARNING C500 IN LINE 1 OF ..\KEY\KEY.C: LICENSE ERROR (R208: RENEW LICENSE ID CODE (LIC))

   1          #include<reg51.h>
   2          
   3          
   4          #include "..\seg7\seg7.h"
   5          
   6          int keyscan(void)
   7          {
   8   1              while(1)
   9   1              {
  10   2                      if(P1^5==0)
  11   2                      {
  12   3                              delay(10);
  13   3                              if(P1^5==0)
  14   3                              return 1;
  15   3                              else 
  16   3                              return 0;
  17   3                      }
  18   2                      return 0;
  19   2               }
  20   1        //  return 1;
  21   1      }


MODULE INFORMATION:   STATIC OVERLAYABLE
   CODE SIZE        =     22    ----
   CONSTANT SIZE    =   ----    ----
   XDATA SIZE       =   ----    ----
   PDATA SIZE       =   ----    ----
   DATA SIZE        =   ----    ----
   IDATA SIZE       =   ----    ----
   BIT SIZE         =   ----    ----
END OF MODULE INFORMATION.


C51 COMPILATION COMPLETE.  1 WARNING(S),  0 ERROR(S)
