C51 COMPILER V9.00   MAIN                                                                  06/26/2013 13:03:59 PAGE 1   


C51 COMPILER V9.00, COMPILATION OF MODULE MAIN
OBJECT MODULE PLACED IN main.OBJ
COMPILER INVOKED BY: D:\Keil\C51\BIN\C51.EXE main.c BROWSE DEBUG OBJECTEXTEND

line level    source

   1          #include<reg51.h>
   2          #include<intrins.h>
   3          //sbit led=P1^1;
   4          
   5          unsigned char num;
   6          
   7          void main()
   8          {
   9   1              P1=0x01;
  10   1              TMOD=0x01;
  11   1              TH0=(65536-45872)/256;
  12   1              TL0=(65536-45872)%256;
  13   1              EA=1;
  14   1              ET0=1;
  15   1              TR0=1;
  16   1              while(1);
  17   1      }
  18          
  19          void T0_time() interrupt 1
  20          {
  21   1               TH0=(65536-45872)/256;
  22   1              TL0=(65536-45872)%256;
  23   1              num++;
  24   1              if (num==20)
  25   1              {
  26   2                      num=0;
  27   2                      //led=~led;
  28   2                      P1=_crol_(P1,1);
  29   2              }
  30   1      }
  31          
  32          
  33          
  34          
  35          
  36          
  37          
  38          
  39          
  40          /*#include<reg51.h>
  41          
  42          void delay(unsigned char x);
  43          
  44          sbit P1_0=P1^0;
  45          sbit P1_5=P3^2;
  46          
  47          int0(void) interrupt 0
  48          {
  49                  P1_0=P1_5;
  50                  delay(100);
  51                  P1_0=1;
  52          }
  53          
  54          void delay(char x)
  55          {
C51 COMPILER V9.00   MAIN                                                                  06/26/2013 13:03:59 PAGE 2   

  56                  int j,i;
  57                  for(j=0;j<300;j++)
  58                          for(i=0;i<x;i++);
  59          }
  60          
  61          
  62          
  63          main(void)
  64          {
  65          //      EA=1;
  66                  EX0=1;
  67                  IT0=1;
  68                  while(1)
  69                          {
  70                                  delay(50);
  71                                  EA=1;
  72                                  EX0=1;
  73                                  IT0=1;
  74                          };
  75          }                                          */


MODULE INFORMATION:   STATIC OVERLAYABLE
   CODE SIZE        =     69    ----
   CONSTANT SIZE    =   ----    ----
   XDATA SIZE       =   ----    ----
   PDATA SIZE       =   ----    ----
   DATA SIZE        =      1    ----
   IDATA SIZE       =   ----    ----
   BIT SIZE         =   ----    ----
END OF MODULE INFORMATION.


C51 COMPILATION COMPLETE.  0 WARNING(S),  0 ERROR(S)
